<?xml version="1.0" encoding="UTF-8"?>
<testng-results skipped="0" failed="0" ignored="0" total="1" passed="1">
  <reporter-output>
  </reporter-output>
  <suite name="Default suite" duration-ms="13328" started-at="2021-03-23T13:20:33 IST" finished-at="2021-03-23T13:20:46 IST">
    <groups>
    </groups>
    <test name="Default test" duration-ms="13328" started-at="2021-03-23T13:20:33 IST" finished-at="2021-03-23T13:20:46 IST">
      <class name="GetAllDraftUsers">
        <test-method status="PASS" signature="getAllDraftUsers()[pri:0, instance:GetAllDraftUsers@77f99a05]" name="getAllDraftUsers" duration-ms="13219" started-at="2021-03-23T13:20:33 IST" finished-at="2021-03-23T13:20:46 IST">
          <reporter-output>
          </reporter-output>
        </test-method> <!-- getAllDraftUsers -->
      </class> <!-- GetAllDraftUsers -->
    </test> <!-- Default test -->
  </suite> <!-- Default suite -->
</testng-results>
